#
# A fatal error has been detected by the Java Runtime Environment:
#
#  EXCEPTION_ACCESS_VIOLATION (0xc0000005) at pc=0xffffffffa3de5120, pid=4468, tid=3776
#
# JRE version: Java(TM) SE Runtime Environment (8.0_65-b17) (build 1.8.0_65-b17)
# Java VM: Java HotSpot(TM) 64-Bit Server VM (25.65-b01 mixed mode windows-amd64 compressed oops)
# Problematic frame:
# C  0xffffffffa3de5120
#
# Failed to write core dump. Minidumps are not enabled by default on client versions of Windows
#
# If you would like to submit a bug report, please visit:
#   http://bugreport.java.com/bugreport/crash.jsp
#

---------------  T H R E A D  ---------------

Current thread (0x0000000002ce2800):  JavaThread "main" [_thread_in_Java, id=3776, stack(0x0000000002800000,0x0000000002900000)]

siginfo: ExceptionCode=0xc0000005, ExceptionInformation=0x0000000000000008 0xffffffffa3de5120

Registers:
RAX=0x000000001387d8a8, RBX=0x000000001387d8a8, RCX=0x00000000139e2140, RDX=0x000000000000000a
RSP=0x00000000028fc8c8, RBP=0x00000000028fc930, RSI=0x0000000000000108, RDI=0x00000000000000d7
R8 =0x0000000000000001, R9 =0x00000000029f8470, R10=0x0000000072d52140, R11=0x0000000002f3a0e0
R12=0x0000000000000000, R13=0x00000000028fc8d8, R14=0x00000000028fc988, R15=0x0000000002ce2800
RIP=0xffffffffa3de5120, EFLAGS=0x0000000000010202

Top of Stack: (sp=0x00000000028fc8c8)
0x00000000028fc8c8:   0000000002de7470 0000000002de7470
0x00000000028fc8d8:   0000000000000001 000000000000000a
0x00000000028fc8e8:   0000000000010b8c 00000000028fc8f0
0x00000000028fc8f8:   00000000139e1471 00000000028fc988
0x00000000028fc908:   00000000139e2140 0000000000000000
0x00000000028fc918:   00000000139e1488 00000000028fc8d8
0x00000000028fc928:   00000000028fc968 00000000028fc9d0
0x00000000028fc938:   0000000002de7200 0000000000000065
0x00000000028fc948:   0000000000000009 0000000000010b8c
0x00000000028fc958:   0000000000013823 000000000000000a
0x00000000028fc968:   00000000f562c5a0 00000000f562c390
0x00000000028fc978:   00000000f5846950 00000000f562c368
0x00000000028fc988:   00000000f5825da0 00000000028fc990
0x00000000028fc998:   00000000139e1539 00000000028fc9f0
0x00000000028fc9a8:   00000000139e2140 0000000000000000
0x00000000028fc9b8:   00000000139e1550 00000000028fc968 

Instructions: (pc=0xffffffffa3de5120)
0xffffffffa3de5100:   
[error occurred during error reporting (printing registers, top of stack, instructions near pc), id 0xc0000005]

Register to memory mapping:

RAX={method} {0x000000001387d8b0} 'max' '(II)I' in 'java/lang/Math'
RBX={method} {0x000000001387d8b0} 'max' '(II)I' in 'java/lang/Math'
RCX=0x00000000139e2140 is pointing into metadata
RDX=0x000000000000000a is an unknown value
RSP=0x00000000028fc8c8 is pointing into the stack for thread: 0x0000000002ce2800
RBP=0x00000000028fc930 is pointing into the stack for thread: 0x0000000002ce2800
RSI=0x0000000000000108 is an unknown value
RDI=0x00000000000000d7 is an unknown value
R8 =0x0000000000000001 is an unknown value
R9 =0x00000000029f8470 is an unknown value
R10=0x0000000072d52140 is an unknown value
R11=0x0000000002f3a0e0 is at entry_point+0 in (nmethod*)0x0000000002f39f90
R12=0x0000000000000000 is an unknown value
R13=0x00000000028fc8d8 is pointing into the stack for thread: 0x0000000002ce2800
R14=0x00000000028fc988 is pointing into the stack for thread: 0x0000000002ce2800
R15=0x0000000002ce2800 is a thread


Stack: [0x0000000002800000,0x0000000002900000],  sp=0x00000000028fc8c8,  free space=1010k
Native frames: (J=compiled Java code, j=interpreted, Vv=VM code, C=native code)
C  0xffffffffa3de5120


---------------  P R O C E S S  ---------------

Java Threads: ( => current thread )
  0x0000000015cc7000 JavaThread "Service Thread" daemon [_thread_blocked, id=2604, stack(0x00000000160a0000,0x00000000161a0000)]
  0x000000001415a000 JavaThread "C1 CompilerThread2" daemon [_thread_blocked, id=4880, stack(0x0000000015ba0000,0x0000000015ca0000)]
  0x0000000014156800 JavaThread "C2 CompilerThread1" daemon [_thread_blocked, id=3668, stack(0x0000000015aa0000,0x0000000015ba0000)]
  0x0000000014150800 JavaThread "C2 CompilerThread0" daemon [_thread_blocked, id=5764, stack(0x00000000159a0000,0x0000000015aa0000)]
  0x000000001414f800 JavaThread "Attach Listener" daemon [_thread_blocked, id=2160, stack(0x00000000158a0000,0x00000000159a0000)]
  0x000000001414e800 JavaThread "Signal Dispatcher" daemon [_thread_blocked, id=6092, stack(0x00000000157a0000,0x00000000158a0000)]
  0x0000000002dd3000 JavaThread "Finalizer" daemon [_thread_blocked, id=5188, stack(0x00000000153c0000,0x00000000154c0000)]
  0x0000000002dd0000 JavaThread "Reference Handler" daemon [_thread_blocked, id=200, stack(0x00000000152c0000,0x00000000153c0000)]
=>0x0000000002ce2800 JavaThread "main" [_thread_in_Java, id=3776, stack(0x0000000002800000,0x0000000002900000)]

Other Threads:
  0x0000000014117800 VMThread [stack: 0x00000000151c0000,0x00000000152c0000] [id=4008]
  0x0000000015cdc800 WatcherThread [stack: 0x00000000161a0000,0x00000000162a0000] [id=5164]

VM state:not at safepoint (normal execution)

VM Mutex/Monitor currently owned by a thread: None

Heap:
 PSYoungGen      total 9728K, used 3016K [0x00000000f5580000, 0x00000000f6000000, 0x0000000100000000)
  eden space 8704K, 34% used [0x00000000f5580000,0x00000000f58721a0,0x00000000f5e00000)
  from space 1024K, 0% used [0x00000000f5f00000,0x00000000f5f00000,0x00000000f6000000)
  to   space 1024K, 0% used [0x00000000f5e00000,0x00000000f5e00000,0x00000000f5f00000)
 ParOldGen       total 22016K, used 0K [0x00000000e0000000, 0x00000000e1580000, 0x00000000f5580000)
  object space 22016K, 0% used [0x00000000e0000000,0x00000000e0000000,0x00000000e1580000)
 Metaspace       used 3859K, capacity 4768K, committed 4864K, reserved 1056768K
  class space    used 437K, capacity 464K, committed 512K, reserved 1048576K

Card table byte_map: [0x00000000121a0000,0x00000000122b0000] byte_map_base: 0x0000000011aa0000

Marking Bits: (ParMarkBitMap*) 0x0000000072d6a5b0
 Begin Bits: [0x00000000126b0000, 0x0000000012eb0000)
 End Bits:   [0x0000000012eb0000, 0x00000000136b0000)

Polling page: 0x0000000002700000

CodeCache: size=245760Kb used=1392Kb max_used=1405Kb free=244367Kb
 bounds [0x0000000002de0000, 0x0000000003050000, 0x0000000011de0000]
 total_blobs=427 nmethods=159 adapters=183
 compilation: enabled

Compilation events (10 events):
Event: 0.362 Thread 0x000000001415a000 nmethod 155 0x0000000002f3a2d0 code [0x0000000002f3a420, 0x0000000002f3a570]
Event: 0.363 Thread 0x000000001415a000  156       3       java.io.WinNTFileSystem::prefixLength (91 bytes)
Event: 0.364 Thread 0x000000001415a000 nmethod 156 0x0000000002f3a5d0 code [0x0000000002f3a7c0, 0x0000000002f3b328]
Event: 0.364 Thread 0x0000000014156800  157       4       java.lang.String::lastIndexOf (52 bytes)
Event: 0.366 Thread 0x0000000014150800  158  s    4       java.lang.StringBuffer::append (13 bytes)
Event: 0.368 Thread 0x0000000014156800 nmethod 157 0x0000000002f3e510 code [0x0000000002f3e640, 0x0000000002f3e798]
Event: 0.368 Thread 0x0000000014156800  159       4       java.io.WinNTFileSystem::isSlash (18 bytes)
Event: 0.368 Thread 0x0000000014156800 nmethod 159 0x0000000002f3e890 code [0x0000000002f3e9c0, 0x0000000002f3ea38]
Event: 0.371 Thread 0x0000000014156800  160       4       java.lang.Math::max (11 bytes)
Event: 0.371 Thread 0x0000000014156800 nmethod 160 0x0000000002f3ea90 code [0x0000000002f3ebc0, 0x0000000002f3ec18]

GC Heap History (0 events):
No events

Deoptimization events (0 events):
No events

Internal exceptions (6 events):
Event: 0.054 Thread 0x0000000002ce2800 Exception <a 'java/lang/NoSuchMethodError': Method sun.misc.Unsafe.defineClass(Ljava/lang/String;[BII)Ljava/lang/Class; name or signature does not match> (0x00000000f558ee40) thrown at [C:\workspace\8-2-build-windows-amd64-cygwin\jdk8u65\4987\hotspot\src\sùÖ¥¬`å´?
Event: 0.054 Thread 0x0000000002ce2800 Exception <a 'java/lang/NoSuchMethodError': Method sun.misc.Unsafe.prefetchRead(Ljava/lang/Object;J)V name or signature does not match> (0x00000000f558f128) thrown at [C:\workspace\8-2-build-windows-amd64-cygwin\jdk8u65\4987\hotspot\src\share\vm\prims\jni.≈ªÒ˚÷?
Event: 0.359 Thread 0x0000000002ce2800 Exception <a 'java/security/PrivilegedActionException'> (0x00000000f5807fa0) thrown at [C:\workspace\8-2-build-windows-amd64-cygwin\jdk8u65\4987\hotspot\src\share\vm\prims\jvm.cpp, line 1386]
Event: 0.359 Thread 0x0000000002ce2800 Exception <a 'java/security/PrivilegedActionException'> (0x00000000f58081b0) thrown at [C:\workspace\8-2-build-windows-amd64-cygwin\jdk8u65\4987\hotspot\src\share\vm\prims\jvm.cpp, line 1386]
Event: 0.360 Thread 0x0000000002ce2800 Exception <a 'java/security/PrivilegedActionException'> (0x00000000f580bd58) thrown at [C:\workspace\8-2-build-windows-amd64-cygwin\jdk8u65\4987\hotspot\src\share\vm\prims\jvm.cpp, line 1386]
Event: 0.360 Thread 0x0000000002ce2800 Exception <a 'java/security/PrivilegedActionException'> (0x00000000f580bf68) thrown at [C:\workspace\8-2-build-windows-amd64-cygwin\jdk8u65\4987\hotspot\src\share\vm\prims\jvm.cpp, line 1386]

Events (10 events):
Event: 0.358 loading class java/net/URLClassLoader$3
Event: 0.358 loading class java/net/URLClassLoader$3 done
Event: 0.358 loading class sun/misc/CompoundEnumeration
Event: 0.358 loading class sun/misc/CompoundEnumeration done
Event: 0.359 loading class java/io/FileNotFoundException
Event: 0.359 loading class java/io/FileNotFoundException done
Event: 0.359 loading class java/security/PrivilegedActionException
Event: 0.359 loading class java/security/PrivilegedActionException done
Event: 0.360 loading class java/net/URLClassLoader$3$1
Event: 0.360 loading class java/net/URLClassLoader$3$1 done


Dynamic libraries:
0x000007f62d290000 - 0x000007f62d2c7000 	C:\Program Files\Java\jre1.8.0_65\bin\javaw.exe
0x000007ffe91f0000 - 0x000007ffe93ae000 	C:\Windows\SYSTEM32\ntdll.dll
0x000007ffe5eb0000 - 0x000007ffe5fe6000 	C:\Windows\system32\KERNEL32.DLL
0x000007ffd9a40000 - 0x000007ffd9a94000 	C:\Program Files (x86)\AVG\Av\avghooka.dll
0x000007ffe5240000 - 0x000007ffe5333000 	C:\Windows\system32\KERNELBASE.dll
0x000007ffe7700000 - 0x000007ffe77de000 	C:\Windows\system32\ADVAPI32.dll
0x000007ffe5740000 - 0x000007ffe588c000 	C:\Windows\system32\USER32.dll
0x000007ffe32c0000 - 0x000007ffe3529000 	C:\Windows\WinSxS\amd64_microsoft.windows.common-controls_6595b64144ccf1df_6.0.9200.16384_none_418c2a697189c07f\COMCTL32.dll
0x000007ffe54c0000 - 0x000007ffe5565000 	C:\Windows\system32\msvcrt.dll
0x000007ffe76b0000 - 0x000007ffe76f8000 	C:\Windows\SYSTEM32\sechost.dll
0x000007ffe6230000 - 0x000007ffe6370000 	C:\Windows\system32\RPCRT4.dll
0x000007ffe7cf0000 - 0x000007ffe7e30000 	C:\Windows\system32\GDI32.dll
0x000007ffe7c40000 - 0x000007ffe7c79000 	C:\Windows\system32\IMM32.DLL
0x000007ffe5ab0000 - 0x000007ffe5bc4000 	C:\Windows\system32\MSCTF.dll
0x00000000722d0000 - 0x00000000723a2000 	C:\Program Files\Java\jre1.8.0_65\bin\msvcr100.dll
0x0000000072560000 - 0x0000000072de9000 	C:\Program Files\Java\jre1.8.0_65\bin\server\jvm.dll
0x000007ffe32b0000 - 0x000007ffe32b9000 	C:\Windows\SYSTEM32\WSOCK32.dll
0x000007ffe02e0000 - 0x000007ffe0300000 	C:\Windows\SYSTEM32\WINMM.dll
0x000007ffe1230000 - 0x000007ffe1239000 	C:\Windows\SYSTEM32\VERSION.dll
0x000007ffe7940000 - 0x000007ffe7947000 	C:\Windows\system32\PSAPI.DLL
0x000007ffe7c80000 - 0x000007ffe7cd8000 	C:\Windows\system32\WS2_32.dll
0x000007ffe0290000 - 0x000007ffe02c2000 	C:\Windows\SYSTEM32\WINMMBASE.dll
0x000007ffe7950000 - 0x000007ffe7959000 	C:\Windows\system32\NSI.dll
0x0000000072470000 - 0x000000007247f000 	C:\Program Files\Java\jre1.8.0_65\bin\verify.dll
0x0000000072440000 - 0x0000000072469000 	C:\Program Files\Java\jre1.8.0_65\bin\java.dll
0x0000000072420000 - 0x0000000072436000 	C:\Program Files\Java\jre1.8.0_65\bin\zip.dll
0x000007ffe63c0000 - 0x000007ffe76a5000 	C:\Windows\system32\SHELL32.dll
0x000007ffe5900000 - 0x000007ffe5ab0000 	C:\Windows\SYSTEM32\combase.dll
0x000007ffe6370000 - 0x000007ffe63c0000 	C:\Windows\system32\SHLWAPI.dll
0x000007ffe3fc0000 - 0x000007ffe4056000 	C:\Windows\SYSTEM32\SHCORE.dll
0x000007ffe4e00000 - 0x000007ffe4e15000 	C:\Windows\SYSTEM32\profapi.dll
0x000007ffe46b0000 - 0x000007ffe46ca000 	C:\Windows\SYSTEM32\CRYPTSP.dll
0x000007ffe4330000 - 0x000007ffe4379000 	C:\Windows\system32\rsaenh.dll
0x000007ffe4430000 - 0x000007ffe444f000 	C:\Windows\SYSTEM32\USERENV.dll
0x000007ffe4c40000 - 0x000007ffe4c4a000 	C:\Windows\SYSTEM32\CRYPTBASE.dll
0x000007ffe4be0000 - 0x000007ffe4c3c000 	C:\Windows\SYSTEM32\bcryptPrimitives.dll
0x0000000072400000 - 0x000000007241a000 	C:\Program Files\Java\jre1.8.0_65\bin\net.dll
0x000007ffe4650000 - 0x000007ffe46ac000 	C:\Windows\system32\mswsock.dll
0x000007ffdfed0000 - 0x000007ffdfefc000 	C:\Windows\SYSTEM32\IPHLPAPI.DLL
0x000007ffdfec0000 - 0x000007ffdfeca000 	C:\Windows\SYSTEM32\WINNSI.DLL
0x000007ffdf6a0000 - 0x000007ffdf6b3000 	C:\Windows\SYSTEM32\dhcpcsvc6.DLL
0x000007ffdf680000 - 0x000007ffdf698000 	C:\Windows\SYSTEM32\dhcpcsvc.DLL
0x00000000723e0000 - 0x00000000723f1000 	C:\Program Files\Java\jre1.8.0_65\bin\nio.dll
0x000007ffd3bc0000 - 0x000007ffd3d23000 	C:\Windows\SYSTEM32\dbghelp.dll

VM Arguments:
jvm_args: -Dfile.encoding=UTF-8 
java_command: launch.Main
java_class_path (initial): C:\Users\Marcello\Projects\BigBear\target\classes;C:\Users\Marcello\.m2\repository\org\apache\tomcat\embed\tomcat-embed-core\8.0.28\tomcat-embed-core-8.0.28.jar;C:\Users\Marcello\.m2\repository\org\apache\tomcat\embed\tomcat-embed-logging-juli\8.0.28\tomcat-embed-logging-juli-8.0.28.jar;C:\Users\Marcello\.m2\repository\org\apache\tomcat\embed\tomcat-embed-jasper\8.0.28\tomcat-embed-jasper-8.0.28.jar;C:\Users\Marcello\.m2\repository\org\apache\tomcat\embed\tomcat-embed-el\8.0.28\tomcat-embed-el-8.0.28.jar;C:\Users\Marcello\.m2\repository\org\eclipse\jdt\core\compiler\ecj\4.4.2\ecj-4.4.2.jar;C:\Users\Marcello\.m2\repository\org\apache\tomcat\tomcat-jasper\8.0.28\tomcat-jasper-8.0.28.jar;C:\Users\Marcello\.m2\repository\org\apache\tomcat\tomcat-servlet-api\8.0.28\tomcat-servlet-api-8.0.28.jar;C:\Users\Marcello\.m2\repository\org\apache\tomcat\tomcat-juli\8.0.28\tomcat-juli-8.0.28.jar;C:\Users\Marcello\.m2\repository\org\apache\tomcat\tomcat-el-api\8.0.28\tomcat-el-api-8.0.28.jar;C:\Users\Marcello\.m2\repository\org\apache\tomcat\tomcat-api\8.0.28\tomcat-api-8.0.28.jar;C:\Users\Marcello\.m2\repository\org\apache\tomcat\tomcat-util-scan\8.0.28\tomcat-util-scan-8.0.28.jar;C:\Users\Marcello\.m2\repository\org\apache\tomcat\tomcat-util\8.0.28\tomcat-util-8.0.28.jar;C:\Users\Marcello\.m2\repository\org\apache\tomcat\tomcat-jasper-el\8.0.28\tomcat-jasper-el-8.0.28.jar;C:\Users\Marcello\.m2\repository\org\apache\tomcat\tomcat-jsp-api\8.0.28\tomcat-jsp-api-8.0.28.jar;C:\Users\Marcello\.m2\repository\org\hibernate\hibernate-core\5.2.8.Final\hibernate-core-5.2.8.Final.jar;C:\Users\Marcello\.m2\repository\org\jboss\logging\jboss-logging\3.3.0.Final\jboss-logging-3.3.0.Final.jar;C:\Users\Marcello\.m2\repository\org\hibernate\javax\persistence\hibernate-jpa-2.1-api\1.0.0.Final\hibernate-jpa-2.1-api-1.0.0.Final.jar;C:\Users\Marcello\.m2\repository\org\javassist\javassist\3.20.0-GA\javassist-3.20.0-GA.jar;C:\Users\Marcello\.m2\repository\antlr\antlr\2.7.7\
Launcher Type: SUN_STANDARD

Environment Variables:
JAVA_HOME=C:\Program Files\Java\jdk1.7.0_79\
PATH=C:/Program Files/Java/jre1.8.0_65/bin/server;C:/Program Files/Java/jre1.8.0_65/bin;C:/Program Files/Java/jre1.8.0_65/lib/amd64;C:\ProgramData\Oracle\Java\javapath;C:\Windows\system32;C:\Windows;C:\Windows\System32\Wbem;C:\Windows\System32\WindowsPowerShell\v1.0\;C:\Program Files (x86)\NVIDIA Corporation\PhysX\Common;C:\Program Files (x86)\GtkSharp\2.12\bin;C:\Program Files (x86)\Skype\Phone\;C:\Development\adt-bundle\sdk\platform-tools;C:\Development\adt-bundle\sdk\tools;C:\Users\Marcello\Anaconda2;C:\Users\Marcello\Anaconda2\Scripts;C:\Users\Marcello\Anaconda2\Library\bin;C:\Users\Marcello\AppData\Roaming\npm;C:\Users\Marcello\AppData\Local\Android\sdk\platform-tools;C:\Users\Marcello\AppData\Local\Android\sdk\tools;C:\adb;C:\Program Files (x86)\MySQL\MySQL Fabric 1.5 & MySQL Utilities 1.5\;C:\Program Files (x86)\MySQL\MySQL Fabric 1.5 & MySQL Utilities 1.5\Doctrine extensions for PHP\;C:\Program Files\nodejs\;C:\Program Files (x86)\Heroku\bin;C:\Program Files (x86)\git\cmd;C:\Program Files\Git\cmd;;C:\Development\adt-bundle\sdk\platform-tools;C:\Development\adt-bundle\sdk\tools;C:\Users\Marcello\AppData\Local\Android\sdk\platform-tools;C:\Users\Marcello\AppData\Local\Android\sdk\tools;C:\Program Files\play-2.2.4\play-2.2.4;C:\Users\Marcello\AppData\Roaming\npm;C:\Program Files\Java\jdk1.7.0_79\\bin;C:\Program Files\Heroku\bin;C:\Users\Marcello\eclipse\java-neon2\eclipse;
USERNAME=Marcello
OS=Windows_NT
PROCESSOR_IDENTIFIER=Intel64 Family 6 Model 15 Stepping 11, GenuineIntel



---------------  S Y S T E M  ---------------

OS: Windows 8 , 64 bit Build 9200 (6.2.9200.16384)

CPU:total 4 (4 cores per cpu, 1 threads per core) family 6 model 15 stepping 11, cmov, cx8, fxsr, mmx, sse, sse2, sse3, ssse3, tsc

Memory: 4k page, physical 2095504k(416408k free), swap 5034700k(2365456k free)

vm_info: Java HotSpot(TM) 64-Bit Server VM (25.65-b01) for windows-amd64 JRE (1.8.0_65-b17), built on Oct  6 2015 16:39:20 by "java_re" with MS VC++ 10.0 (VS2010)

time: Mon Mar 13 10:00:50 2017
elapsed time: 0 seconds (0d 0h 0m 0s)

